Using pre-set license
Built from '2022.3/staging' branch; Version is '2022.3.10f1 (ff3792e53c62) revision 16725906'; Using compiler version '192829333'; Build Type 'Release'
OS: 'Windows 10  (10.0.19045) 64bit Core' Language: 'fr' Physical Memory: 32637 MB
BatchMode: 1, IsHumanControllingUs: 0, StartBugReporterOnCrash: 0, Is64bit: 1, IsPro: 1

COMMAND LINE ARGUMENTS:
C:\Program Files\Unity\Hub\Editor\2022.3.10f1\Editor\Unity.exe
-adb2
-batchMode
-noUpm
-name
AssetImportWorker0
-projectPath
C:/Unity_Projects/PhiloSpirit/PhiloSpirit
-logFile
Logs/AssetImportWorker0.log
-srvPort
51505
Successfully changed project path to: C:/Unity_Projects/PhiloSpirit/PhiloSpirit
C:/Unity_Projects/PhiloSpirit/PhiloSpirit
[UnityMemory] Configuration Parameters - Can be set up in boot.config
    "memorysetup-bucket-allocator-granularity=16"
    "memorysetup-bucket-allocator-bucket-count=8"
    "memorysetup-bucket-allocator-block-size=33554432"
    "memorysetup-bucket-allocator-block-count=8"
    "memorysetup-main-allocator-block-size=16777216"
    "memorysetup-thread-allocator-block-size=16777216"
    "memorysetup-gfx-main-allocator-block-size=16777216"
    "memorysetup-gfx-thread-allocator-block-size=16777216"
    "memorysetup-cache-allocator-block-size=4194304"
    "memorysetup-typetree-allocator-block-size=2097152"
    "memorysetup-profiler-bucket-allocator-granularity=16"
    "memorysetup-profiler-bucket-allocator-bucket-count=8"
    "memorysetup-profiler-bucket-allocator-block-size=33554432"
    "memorysetup-profiler-bucket-allocator-block-count=8"
    "memorysetup-profiler-allocator-block-size=16777216"
    "memorysetup-profiler-editor-allocator-block-size=1048576"
    "memorysetup-temp-allocator-size-main=16777216"
    "memorysetup-job-temp-allocator-block-size=2097152"
    "memorysetup-job-temp-allocator-block-size-background=1048576"
    "memorysetup-job-temp-allocator-reduction-small-platforms=262144"
    "memorysetup-allocator-temp-initial-block-size-main=262144"
    "memorysetup-allocator-temp-initial-block-size-worker=262144"
    "memorysetup-temp-allocator-size-background-worker=32768"
    "memorysetup-temp-allocator-size-job-worker=262144"
    "memorysetup-temp-allocator-size-preload-manager=33554432"
    "memorysetup-temp-allocator-size-nav-mesh-worker=65536"
    "memorysetup-temp-allocator-size-audio-worker=65536"
    "memorysetup-temp-allocator-size-cloud-worker=32768"
    "memorysetup-temp-allocator-size-gi-baking-worker=262144"
    "memorysetup-temp-allocator-size-gfx=262144"
Player connection [2896] Host "[IP] 192.168.1.18 [Port] 0 [Flags] 2 [Guid] 2538758788 [EditorId] 2538758788 [Version] 1048832 [Id] WindowsEditor(7,DESKTOP-1TKVIRD) [Debug] 1 [PackageName] WindowsEditor [ProjectName] Editor" joined multi-casting on [225.0.0.222:54997]...

Player connection [2896] Host "[IP] 192.168.1.18 [Port] 0 [Flags] 2 [Guid] 2538758788 [EditorId] 2538758788 [Version] 1048832 [Id] WindowsEditor(7,DESKTOP-1TKVIRD) [Debug] 1 [PackageName] WindowsEditor [ProjectName] Editor" joined alternative multi-casting on [225.0.0.222:34997]...

[Physics::Module] Initialized MultithreadedJobDispatcher with 15 workers.
Refreshing native plugins compatible for Editor in 13.95 ms, found 4 plugins.
Preloading 0 native plugins for Editor in 0.00 ms.
Initialize engine version: 2022.3.10f1 (ff3792e53c62)
[Subsystems] Discovering subsystems at path C:/Program Files/Unity/Hub/Editor/2022.3.10f1/Editor/Data/Resources/UnitySubsystems
[Subsystems] Discovering subsystems at path C:/Unity_Projects/PhiloSpirit/PhiloSpirit/Assets
GfxDevice: creating device client; threaded=0; jobified=0
Direct3D:
    Version:  Direct3D 11.0 [level 11.1]
    Renderer: NVIDIA GeForce RTX 3070 (ID=0x2488)
    Vendor:   NVIDIA
    VRAM:     8018 MB
    Driver:   32.0.15.6081
Initialize mono
Mono path[0] = 'C:/Program Files/Unity/Hub/Editor/2022.3.10f1/Editor/Data/Managed'
Mono path[1] = 'C:/Program Files/Unity/Hub/Editor/2022.3.10f1/Editor/Data/MonoBleedingEdge/lib/mono/unityjit-win32'
Mono config path = 'C:/Program Files/Unity/Hub/Editor/2022.3.10f1/Editor/Data/MonoBleedingEdge/etc'
Using monoOptions --debugger-agent=transport=dt_socket,embedding=1,server=y,suspend=n,address=127.0.0.1:56464
Begin MonoManager ReloadAssembly
Registering precompiled unity dll's ...
Register platform support module: C:/Program Files/Unity/Hub/Editor/2022.3.10f1/Editor/Data/PlaybackEngines/WindowsStandaloneSupport/UnityEditor.WindowsStandalone.Extensions.dll
Register platform support module: C:/Program Files/Unity/Hub/Editor/2022.3.10f1/Editor/Data/PlaybackEngines/MetroSupport/UnityEditor.UWP.Extensions.dll
Registered in 0.010709 seconds.
- Loaded All Assemblies, in  0.322 seconds
Native extension for UWP target not found
Native extension for WindowsStandalone target not found
Mono: successfully reloaded assembly
- Finished resetting the current domain, in  0.220 seconds
Domain Reload Profiling: 540ms
	BeginReloadAssembly (91ms)
		ExecutionOrderSort (0ms)
		DisableScriptedObjects (0ms)
		BackupInstance (0ms)
		ReleaseScriptingObjects (0ms)
		CreateAndSetChildDomain (1ms)
	RebuildCommonClasses (29ms)
	RebuildNativeTypeToScriptingClass (10ms)
	initialDomainReloadingComplete (58ms)
	LoadAllAssembliesAndSetupDomain (132ms)
		LoadAssemblies (88ms)
		RebuildTransferFunctionScriptingTraits (0ms)
		AnalyzeDomain (130ms)
			TypeCache.Refresh (129ms)
				TypeCache.ScanAssembly (118ms)
			ScanForSourceGeneratedMonoScriptInfo (0ms)
			ResolveRequiredComponents (0ms)
	FinalizeReload (221ms)
		ReleaseScriptCaches (0ms)
		RebuildScriptCaches (0ms)
		SetupLoadedEditorAssemblies (171ms)
			LogAssemblyErrors (0ms)
			InitializePlatformSupportModulesInManaged (10ms)
			SetLoadedEditorAssemblies (4ms)
			RefreshPlugins (0ms)
			BeforeProcessingInitializeOnLoad (2ms)
			ProcessInitializeOnLoadAttributes (112ms)
			ProcessInitializeOnLoadMethodAttributes (43ms)
			AfterProcessingInitializeOnLoad (0ms)
			EditorAssembliesLoaded (0ms)
		ExecutionOrderSort2 (0ms)
		AwakeInstancesAfterBackupRestoration (0ms)
========================================================================
Worker process is ready to serve import requests
Begin MonoManager ReloadAssembly
- Loaded All Assemblies, in  0.570 seconds
Refreshing native plugins compatible for Editor in 4.84 ms, found 4 plugins.
Native extension for UWP target not found
Native extension for WindowsStandalone target not found
Package Manager log level set to [2]
[Package Manager] Server::EnsureServerProcessIsRunning -- launch failed, reason: Unity was launched with the -noUpm command-line argument
[Package Manager] UpmClient::Send -- Unable to send message (not connected to UPM process).
[Package Manager] Cannot connect to Unity Package Manager local server
Mono: successfully reloaded assembly
- Finished resetting the current domain, in  0.581 seconds
Domain Reload Profiling: 1145ms
	BeginReloadAssembly (124ms)
		ExecutionOrderSort (0ms)
		DisableScriptedObjects (5ms)
		BackupInstance (0ms)
		ReleaseScriptingObjects (0ms)
		CreateAndSetChildDomain (16ms)
	RebuildCommonClasses (29ms)
	RebuildNativeTypeToScriptingClass (10ms)
	initialDomainReloadingComplete (39ms)
	LoadAllAssembliesAndSetupDomain (363ms)
		LoadAssemblies (280ms)
		RebuildTransferFunctionScriptingTraits (0ms)
		AnalyzeDomain (155ms)
			TypeCache.Refresh (127ms)
				TypeCache.ScanAssembly (114ms)
			ScanForSourceGeneratedMonoScriptInfo (22ms)
			ResolveRequiredComponents (5ms)
	FinalizeReload (581ms)
		ReleaseScriptCaches (0ms)
		RebuildScriptCaches (0ms)
		SetupLoadedEditorAssemblies (443ms)
			LogAssemblyErrors (0ms)
			InitializePlatformSupportModulesInManaged (7ms)
			SetLoadedEditorAssemblies (4ms)
			RefreshPlugins (0ms)
			BeforeProcessingInitializeOnLoad (72ms)
			ProcessInitializeOnLoadAttributes (322ms)
			ProcessInitializeOnLoadMethodAttributes (30ms)
			AfterProcessingInitializeOnLoad (8ms)
			EditorAssembliesLoaded (0ms)
		ExecutionOrderSort2 (0ms)
		AwakeInstancesAfterBackupRestoration (5ms)
Launched and connected shader compiler UnityShaderCompiler.exe after 0.03 seconds
Refreshing native plugins compatible for Editor in 5.20 ms, found 4 plugins.
Preloading 0 native plugins for Editor in 0.00 ms.
Unloading 4482 Unused Serialized files (Serialized files now loaded: 0)
Unloading 76 unused Assets / (220.1 KB). Loaded Objects now: 4958.
Memory consumption went from 159.9 MB to 159.7 MB.
Total: 3.138800 ms (FindLiveObjects: 0.276800 ms CreateObjectMapping: 0.306100 ms MarkObjects: 2.388000 ms  DeleteObjects: 0.166900 ms)

AssetImportParameters requested are different than current active one (requested -> active):
  custom:container-demuxer-ogg: 62fdf1f143b41e24485cea50d1cbac27 -> 
  custom:video-decoder-ogg-theora: a1e56fd34408186e4bbccfd4996cb3dc -> 
  custom:framework-win-MediaFoundation: 216162199b28c13a410421893ffa2e32 -> 
  custom:CustomObjectIndexerAttribute: 756ad292c208cfabdd7b50bc23989ffe -> 
  custom:container-demuxer-webm: 4f35f7cbe854078d1ac9338744f61a02 -> 
  custom:container-muxer-webm: aa71ff27fc2769a1b78a27578f13a17b -> 
  custom:video-decoder-webm-vp8: 9c59270c3fd7afecdb556c50c9e8de78 -> 
  custom:SearchIndexIgnoredProperties: e643bd26f0fe6173181afceb89e7c659 -> 
  custom:AudioImporter_EditorPlatform: d09bf68614088b80899f8185d706f6e7 -> 
  custom:video-encoder-webm-vp8: eb34c28f22e8b96e1ab97ce403110664 -> 
  custom:audio-decoder-ogg-vorbis: bf7c407c2cedff20999df2af8eb42d56 -> 
  custom:audio-encoder-webm-vorbis: bf7c407c2cedff20999df2af8eb42d56 -> 
========================================================================
Received Import Request.
  Time since last request: 23142.713745 seconds.
  path: Assets/Building/Forest/FruitPicking.asset
  artifactKey: Guid(e2577c74ff0014e449baeed39333b6f8) Importer(815301076,1909f56bfc062723c751e8b465ee728b)
Start importing Assets/Building/Forest/FruitPicking.asset using Guid(e2577c74ff0014e449baeed39333b6f8) Importer(815301076,1909f56bfc062723c751e8b465ee728b)  -> (artifact id: 'a1c3ff68e5170d11e38c352ac5a19f7c') in 0.009203 seconds
Number of updated asset objects reloaded before import = 0
Number of asset objects unloaded after import = 1
========================================================================
Received Import Request.
  Time since last request: 224.842507 seconds.
  path: Assets/Building/Forest/FruitPicking.asset
  artifactKey: Guid(e2577c74ff0014e449baeed39333b6f8) Importer(815301076,1909f56bfc062723c751e8b465ee728b)
Start importing Assets/Building/Forest/FruitPicking.asset using Guid(e2577c74ff0014e449baeed39333b6f8) Importer(815301076,1909f56bfc062723c751e8b465ee728b)  -> (artifact id: 'f0c73042ea8dcf6f1ac4b26ac5d1f0ee') in 0.000945 seconds
Number of updated asset objects reloaded before import = 0
Number of asset objects unloaded after import = 1
========================================================================
Received Import Request.
  Time since last request: 8.024542 seconds.
  path: Assets/Building/Forest/WoodGathering 1.prefab
  artifactKey: Guid(40672087dc528a649b62ec215441ae9e) Importer(815301076,1909f56bfc062723c751e8b465ee728b)
Start importing Assets/Building/Forest/WoodGathering 1.prefab using Guid(40672087dc528a649b62ec215441ae9e) Importer(815301076,1909f56bfc062723c751e8b465ee728b)  -> (artifact id: 'cfa8d003ca79bc3ce945c24af3af4085') in 0.100269 seconds
Number of updated asset objects reloaded before import = 0
Number of asset objects unloaded after import = 45
========================================================================
Received Import Request.
  Time since last request: 4.730437 seconds.
  path: Assets/Building/Forest/FruitPikcing.prefab
  artifactKey: Guid(40672087dc528a649b62ec215441ae9e) Importer(815301076,1909f56bfc062723c751e8b465ee728b)
Start importing Assets/Building/Forest/FruitPikcing.prefab using Guid(40672087dc528a649b62ec215441ae9e) Importer(815301076,1909f56bfc062723c751e8b465ee728b)  -> (artifact id: 'dacd3c493bba8405f164e6535724a596') in 0.021890 seconds
Number of updated asset objects reloaded before import = 0
Number of asset objects unloaded after import = 45
========================================================================
Received Import Request.
  Time since last request: 476.924024 seconds.
  path: Assets/Building/Forest/Orchard.asset
  artifactKey: Guid(eee47a2d1ef849a46a74fa85c8e7c22e) Importer(815301076,1909f56bfc062723c751e8b465ee728b)
Start importing Assets/Building/Forest/Orchard.asset using Guid(eee47a2d1ef849a46a74fa85c8e7c22e) Importer(815301076,1909f56bfc062723c751e8b465ee728b)  -> (artifact id: '8c3af79f0b705dac4df041a3d923d948') in 0.001256 seconds
Number of updated asset objects reloaded before import = 0
Number of asset objects unloaded after import = 1
========================================================================
Received Import Request.
  Time since last request: 50.659999 seconds.
  path: Assets/Building/Land/Medium Farm.asset
  artifactKey: Guid(c7a97314f9fd17b4991327ff572db06c) Importer(815301076,1909f56bfc062723c751e8b465ee728b)
Start importing Assets/Building/Land/Medium Farm.asset using Guid(c7a97314f9fd17b4991327ff572db06c) Importer(815301076,1909f56bfc062723c751e8b465ee728b)  -> (artifact id: '7bf603dea73630c29111df07f4255be5') in 0.016292 seconds
Number of updated asset objects reloaded before import = 0
Number of asset objects unloaded after import = 34
========================================================================
Received Import Request.
  Time since last request: 10.827908 seconds.
  path: Assets/Building/Land/Large Farm.asset
  artifactKey: Guid(40d9d62635c5dd1489e68b894b0fc7a7) Importer(815301076,1909f56bfc062723c751e8b465ee728b)
Start importing Assets/Building/Land/Large Farm.asset using Guid(40d9d62635c5dd1489e68b894b0fc7a7) Importer(815301076,1909f56bfc062723c751e8b465ee728b)  -> (artifact id: '8358e769a0b9717d4a4a38842ef47693') in 0.015324 seconds
Number of updated asset objects reloaded before import = 0
Number of asset objects unloaded after import = 38
========================================================================
Received Import Request.
  Time since last request: 25.752253 seconds.
  path: Assets/Building/Forest/FruitPikcing.prefab
  artifactKey: Guid(40672087dc528a649b62ec215441ae9e) Importer(815301076,1909f56bfc062723c751e8b465ee728b)
Start importing Assets/Building/Forest/FruitPikcing.prefab using Guid(40672087dc528a649b62ec215441ae9e) Importer(815301076,1909f56bfc062723c751e8b465ee728b)  -> (artifact id: '273b674fb81bebe3692e96b4ec8d5962') in 0.037060 seconds
Number of updated asset objects reloaded before import = 0
Number of asset objects unloaded after import = 49
========================================================================
Received Import Request.
  Time since last request: 0.895842 seconds.
  path: Assets/Building/Forest/FruitPikcing 1.prefab
  artifactKey: Guid(c3b866890324fcf45b35a26e034c7e34) Importer(815301076,1909f56bfc062723c751e8b465ee728b)
Start importing Assets/Building/Forest/FruitPikcing 1.prefab using Guid(c3b866890324fcf45b35a26e034c7e34) Importer(815301076,1909f56bfc062723c751e8b465ee728b)  -> (artifact id: '70c4f433600e8010a9920683c2eb1dc7') in 0.024067 seconds
Number of updated asset objects reloaded before import = 0
Number of asset objects unloaded after import = 49
========================================================================
Received Import Request.
  Time since last request: 3.364026 seconds.
  path: Assets/Building/Forest/Orchard.prefab
  artifactKey: Guid(c3b866890324fcf45b35a26e034c7e34) Importer(815301076,1909f56bfc062723c751e8b465ee728b)
Start importing Assets/Building/Forest/Orchard.prefab using Guid(c3b866890324fcf45b35a26e034c7e34) Importer(815301076,1909f56bfc062723c751e8b465ee728b)  -> (artifact id: '1e5ed90a2a4d1ba3c4f3c2f900b491f6') in 0.027271 seconds
Number of updated asset objects reloaded before import = 0
Number of asset objects unloaded after import = 49
========================================================================
Received Import Request.
  Time since last request: 50.541077 seconds.
  path: Assets/Building/Forest/Orchard.prefab
  artifactKey: Guid(c3b866890324fcf45b35a26e034c7e34) Importer(815301076,1909f56bfc062723c751e8b465ee728b)
Start importing Assets/Building/Forest/Orchard.prefab using Guid(c3b866890324fcf45b35a26e034c7e34) Importer(815301076,1909f56bfc062723c751e8b465ee728b)  -> (artifact id: '139c9ee2f2b1f9c7f183b2b27975b408') in 0.026448 seconds
Number of updated asset objects reloaded before import = 0
Number of asset objects unloaded after import = 49
========================================================================
Received Import Request.
  Time since last request: 0.922978 seconds.
  path: Assets/Building/Forest/Orchard.asset
  artifactKey: Guid(eee47a2d1ef849a46a74fa85c8e7c22e) Importer(815301076,1909f56bfc062723c751e8b465ee728b)
Start importing Assets/Building/Forest/Orchard.asset using Guid(eee47a2d1ef849a46a74fa85c8e7c22e) Importer(815301076,1909f56bfc062723c751e8b465ee728b)  -> (artifact id: 'c6af4834ba8cb817689862aca57621c2') in 0.000900 seconds
Number of updated asset objects reloaded before import = 0
Number of asset objects unloaded after import = 1
========================================================================
Received Import Request.
  Time since last request: 121.423890 seconds.
  path: Assets/Building/Mountain/StoneMine.asset
  artifactKey: Guid(4786452d705fbcd41a255ead059bc505) Importer(815301076,1909f56bfc062723c751e8b465ee728b)
Start importing Assets/Building/Mountain/StoneMine.asset using Guid(4786452d705fbcd41a255ead059bc505) Importer(815301076,1909f56bfc062723c751e8b465ee728b)  -> (artifact id: '93e8d88a699e70599f25888c25c2709f') in 0.001000 seconds
Number of updated asset objects reloaded before import = 0
Number of asset objects unloaded after import = 1
========================================================================
Received Import Request.
  Time since last request: 79.864126 seconds.
  path: Assets/Building/Mountain/StoneGathering 1.prefab
  artifactKey: Guid(0b2fd6daf6f898544b50ada414155cb6) Importer(815301076,1909f56bfc062723c751e8b465ee728b)
Start importing Assets/Building/Mountain/StoneGathering 1.prefab using Guid(0b2fd6daf6f898544b50ada414155cb6) Importer(815301076,1909f56bfc062723c751e8b465ee728b)  -> (artifact id: 'ab445e4d968449a17add3c2029666294') in 0.025765 seconds
Number of updated asset objects reloaded before import = 0
Number of asset objects unloaded after import = 45
========================================================================
Received Import Request.
  Time since last request: 3.446693 seconds.
  path: Assets/Building/Mountain/StoneMine.prefab
  artifactKey: Guid(0b2fd6daf6f898544b50ada414155cb6) Importer(815301076,1909f56bfc062723c751e8b465ee728b)
Start importing Assets/Building/Mountain/StoneMine.prefab using Guid(0b2fd6daf6f898544b50ada414155cb6) Importer(815301076,1909f56bfc062723c751e8b465ee728b)  -> (artifact id: '051a48fc708eab740d00320abfc255a0') in 0.021715 seconds
Number of updated asset objects reloaded before import = 0
Number of asset objects unloaded after import = 45
========================================================================
Received Import Request.
  Time since last request: 23.568818 seconds.
  path: Assets/Building/Mountain/StoneMine.asset
  artifactKey: Guid(4786452d705fbcd41a255ead059bc505) Importer(815301076,1909f56bfc062723c751e8b465ee728b)
Start importing Assets/Building/Mountain/StoneMine.asset using Guid(4786452d705fbcd41a255ead059bc505) Importer(815301076,1909f56bfc062723c751e8b465ee728b)  -> (artifact id: '9815674cd3f15a5ecc2e407f5d0b2194') in 0.000881 seconds
Number of updated asset objects reloaded before import = 0
Number of asset objects unloaded after import = 1
========================================================================
Received Import Request.
  Time since last request: 0.736613 seconds.
  path: Assets/Building/Mountain/StoneMine.prefab
  artifactKey: Guid(0b2fd6daf6f898544b50ada414155cb6) Importer(815301076,1909f56bfc062723c751e8b465ee728b)
Start importing Assets/Building/Mountain/StoneMine.prefab using Guid(0b2fd6daf6f898544b50ada414155cb6) Importer(815301076,1909f56bfc062723c751e8b465ee728b)  -> (artifact id: 'f528d3c66554e7103bb807eb77c5126c') in 0.025095 seconds
Number of updated asset objects reloaded before import = 0
Number of asset objects unloaded after import = 49
========================================================================
Received Import Request.
  Time since last request: 214.683525 seconds.
  path: Assets/Building/Mountain/LargeStoneMine.asset
  artifactKey: Guid(287b09bb8913d624fad2b25ed3d6aadc) Importer(815301076,1909f56bfc062723c751e8b465ee728b)
Start importing Assets/Building/Mountain/LargeStoneMine.asset using Guid(287b09bb8913d624fad2b25ed3d6aadc) Importer(815301076,1909f56bfc062723c751e8b465ee728b)  -> (artifact id: 'd690b875a921fe03a413efc2bf941616') in 0.000947 seconds
Number of updated asset objects reloaded before import = 0
Number of asset objects unloaded after import = 1
========================================================================
Received Import Request.
  Time since last request: 143.560593 seconds.
  path: Assets/Building/Mountain/StoneMine 1.prefab
  artifactKey: Guid(e0d69f0d89cad25488751605f06a79ad) Importer(815301076,1909f56bfc062723c751e8b465ee728b)
Start importing Assets/Building/Mountain/StoneMine 1.prefab using Guid(e0d69f0d89cad25488751605f06a79ad) Importer(815301076,1909f56bfc062723c751e8b465ee728b)  -> (artifact id: '922a067cf64c25df8e7a2af0373ad119') in 0.024112 seconds
Number of updated asset objects reloaded before import = 0
Number of asset objects unloaded after import = 49
========================================================================
Received Import Request.
  Time since last request: 4.894735 seconds.
  path: Assets/Building/Mountain/LargeStoneMine.prefab
  artifactKey: Guid(e0d69f0d89cad25488751605f06a79ad) Importer(815301076,1909f56bfc062723c751e8b465ee728b)
Start importing Assets/Building/Mountain/LargeStoneMine.prefab using Guid(e0d69f0d89cad25488751605f06a79ad) Importer(815301076,1909f56bfc062723c751e8b465ee728b)  -> (artifact id: '5088e95462c9e4a679f47b190f425586') in 0.020154 seconds
Number of updated asset objects reloaded before import = 0
Number of asset objects unloaded after import = 49
========================================================================
Received Import Request.
  Time since last request: 139.831388 seconds.
  path: Assets/Building/Mountain/Small Metal Mine.asset
  artifactKey: Guid(dec32a19dc2f06e4fbba71171451b24a) Importer(815301076,1909f56bfc062723c751e8b465ee728b)
Start importing Assets/Building/Mountain/Small Metal Mine.asset using Guid(dec32a19dc2f06e4fbba71171451b24a) Importer(815301076,1909f56bfc062723c751e8b465ee728b)  -> (artifact id: '21f2e9d8b9c2814f08a54f9463ae69cc') in 0.000922 seconds
Number of updated asset objects reloaded before import = 0
Number of asset objects unloaded after import = 1
========================================================================
Received Import Request.
  Time since last request: 7.896725 seconds.
  path: Assets/Building/Mountain/SmallMetalMine.asset
  artifactKey: Guid(dec32a19dc2f06e4fbba71171451b24a) Importer(815301076,1909f56bfc062723c751e8b465ee728b)
Start importing Assets/Building/Mountain/SmallMetalMine.asset using Guid(dec32a19dc2f06e4fbba71171451b24a) Importer(815301076,1909f56bfc062723c751e8b465ee728b)  -> (artifact id: '25ddfb0b111574d25f873a43bc0964e1') in 0.000833 seconds
Number of updated asset objects reloaded before import = 0
Number of asset objects unloaded after import = 1
========================================================================
Received Import Request.
  Time since last request: 42.374033 seconds.
  path: Assets/Building/Mountain/StoneMine 1.prefab
  artifactKey: Guid(8ea2797e624818240a7877bdfb469f7a) Importer(815301076,1909f56bfc062723c751e8b465ee728b)
Start importing Assets/Building/Mountain/StoneMine 1.prefab using Guid(8ea2797e624818240a7877bdfb469f7a) Importer(815301076,1909f56bfc062723c751e8b465ee728b)  -> (artifact id: '6805c56cbcb4962c19821f32d8021b13') in 0.022792 seconds
Number of updated asset objects reloaded before import = 0
Number of asset objects unloaded after import = 49
========================================================================
Received Import Request.
  Time since last request: 4.236328 seconds.
  path: Assets/Building/Mountain/SmallMetalMine.prefab
  artifactKey: Guid(8ea2797e624818240a7877bdfb469f7a) Importer(815301076,1909f56bfc062723c751e8b465ee728b)
Start importing Assets/Building/Mountain/SmallMetalMine.prefab using Guid(8ea2797e624818240a7877bdfb469f7a) Importer(815301076,1909f56bfc062723c751e8b465ee728b)  -> (artifact id: 'affad4cb1cd3277c687a3b28ff39daf2') in 0.021539 seconds
Number of updated asset objects reloaded before import = 0
Number of asset objects unloaded after import = 49
========================================================================
Received Import Request.
  Time since last request: 20.158324 seconds.
  path: Assets/Building/Mountain/SmallMetalMine.asset
  artifactKey: Guid(dec32a19dc2f06e4fbba71171451b24a) Importer(815301076,1909f56bfc062723c751e8b465ee728b)
Start importing Assets/Building/Mountain/SmallMetalMine.asset using Guid(dec32a19dc2f06e4fbba71171451b24a) Importer(815301076,1909f56bfc062723c751e8b465ee728b)  -> (artifact id: 'bfab099dd9b290d215d975fb3a33d573') in 0.000897 seconds
Number of updated asset objects reloaded before import = 0
Number of asset objects unloaded after import = 1
========================================================================
Received Import Request.
  Time since last request: 85.006122 seconds.
  path: Assets/Building/Mountain/MediumMetalMine.asset
  artifactKey: Guid(23d626a57a2fa694aa3ea8c8ceb525b8) Importer(815301076,1909f56bfc062723c751e8b465ee728b)
Start importing Assets/Building/Mountain/MediumMetalMine.asset using Guid(23d626a57a2fa694aa3ea8c8ceb525b8) Importer(815301076,1909f56bfc062723c751e8b465ee728b)  -> (artifact id: 'ed322720feae9712f93304c59b92124f') in 0.001036 seconds
Number of updated asset objects reloaded before import = 0
Number of asset objects unloaded after import = 1
========================================================================
Received Import Request.
  Time since last request: 283.317266 seconds.
  path: Assets/Building/Mountain/LargeStoneMine.prefab
  artifactKey: Guid(e0d69f0d89cad25488751605f06a79ad) Importer(815301076,1909f56bfc062723c751e8b465ee728b)
Start importing Assets/Building/Mountain/LargeStoneMine.prefab using Guid(e0d69f0d89cad25488751605f06a79ad) Importer(815301076,1909f56bfc062723c751e8b465ee728b)  -> (artifact id: 'b04873bf1c06ac50f242281d97c88923') in 0.024602 seconds
Number of updated asset objects reloaded before import = 0
Number of asset objects unloaded after import = 57
========================================================================
Received Import Request.
  Time since last request: 2.169517 seconds.
  path: Assets/Building/Mountain/LargeStoneMine.asset
  artifactKey: Guid(287b09bb8913d624fad2b25ed3d6aadc) Importer(815301076,1909f56bfc062723c751e8b465ee728b)
Start importing Assets/Building/Mountain/LargeStoneMine.asset using Guid(287b09bb8913d624fad2b25ed3d6aadc) Importer(815301076,1909f56bfc062723c751e8b465ee728b)  -> (artifact id: '80e496a836f405b580a9d34295621cd5') in 0.000907 seconds
Number of updated asset objects reloaded before import = 0
Number of asset objects unloaded after import = 1
========================================================================
Received Import Request.
  Time since last request: 9.411518 seconds.
  path: Assets/Building/Mountain/LargeStoneMine 1.prefab
  artifactKey: Guid(eec61bd418f4f864b9753332c1bc23fc) Importer(815301076,1909f56bfc062723c751e8b465ee728b)
Start importing Assets/Building/Mountain/LargeStoneMine 1.prefab using Guid(eec61bd418f4f864b9753332c1bc23fc) Importer(815301076,1909f56bfc062723c751e8b465ee728b)  -> (artifact id: '8cd007def2b8cd798b668f7d5635cab8') in 0.025785 seconds
Number of updated asset objects reloaded before import = 0
Number of asset objects unloaded after import = 57
========================================================================
Received Import Request.
  Time since last request: 6.355691 seconds.
  path: Assets/Building/Mountain/MediumMetalMine.prefab
  artifactKey: Guid(eec61bd418f4f864b9753332c1bc23fc) Importer(815301076,1909f56bfc062723c751e8b465ee728b)
Start importing Assets/Building/Mountain/MediumMetalMine.prefab using Guid(eec61bd418f4f864b9753332c1bc23fc) Importer(815301076,1909f56bfc062723c751e8b465ee728b)  -> (artifact id: '31d6e3a39e5cd0fdfb2c54f6c6f6f79e') in 0.020927 seconds
Number of updated asset objects reloaded before import = 0
Number of asset objects unloaded after import = 57
========================================================================
Received Import Request.
  Time since last request: 15.134686 seconds.
  path: Assets/Building/Mountain/MediumMetalMine.asset
  artifactKey: Guid(23d626a57a2fa694aa3ea8c8ceb525b8) Importer(815301076,1909f56bfc062723c751e8b465ee728b)
Start importing Assets/Building/Mountain/MediumMetalMine.asset using Guid(23d626a57a2fa694aa3ea8c8ceb525b8) Importer(815301076,1909f56bfc062723c751e8b465ee728b)  -> (artifact id: '4abc7e1cf70b3e1393ec6be168c14538') in 0.000918 seconds
Number of updated asset objects reloaded before import = 0
Number of asset objects unloaded after import = 1
========================================================================
Received Import Request.
  Time since last request: 1.983435 seconds.
  path: Assets/Building/Mountain/MediumMetalMine.prefab
  artifactKey: Guid(eec61bd418f4f864b9753332c1bc23fc) Importer(815301076,1909f56bfc062723c751e8b465ee728b)
Start importing Assets/Building/Mountain/MediumMetalMine.prefab using Guid(eec61bd418f4f864b9753332c1bc23fc) Importer(815301076,1909f56bfc062723c751e8b465ee728b)  -> (artifact id: 'fc1316e57d9f2d1a7660e4dfd1799a8c') in 0.032388 seconds
Number of updated asset objects reloaded before import = 0
Number of asset objects unloaded after import = 53
========================================================================
Received Import Request.
  Time since last request: 22.292760 seconds.
  path: Assets/Building/Mountain/LargeMetalMine.asset
  artifactKey: Guid(7dcf822e78911a44e941a0d847e4afc6) Importer(815301076,1909f56bfc062723c751e8b465ee728b)
Start importing Assets/Building/Mountain/LargeMetalMine.asset using Guid(7dcf822e78911a44e941a0d847e4afc6) Importer(815301076,1909f56bfc062723c751e8b465ee728b)  -> (artifact id: '3b0e277fcc3a073c3b2a5ef535212ad9') in 0.000848 seconds
Number of updated asset objects reloaded before import = 0
Number of asset objects unloaded after import = 1
========================================================================
Received Import Request.
  Time since last request: 140.616864 seconds.
  path: Assets/Building/Mountain/LargeStoneMine 1.prefab
  artifactKey: Guid(6cf31aad037d5364bb3e0ec3498fdd4d) Importer(815301076,1909f56bfc062723c751e8b465ee728b)
Start importing Assets/Building/Mountain/LargeStoneMine 1.prefab using Guid(6cf31aad037d5364bb3e0ec3498fdd4d) Importer(815301076,1909f56bfc062723c751e8b465ee728b)  -> (artifact id: '2336f5a9c39d20e90259c4d06ec436b4') in 0.023658 seconds
Number of updated asset objects reloaded before import = 0
Number of asset objects unloaded after import = 57
========================================================================
Received Import Request.
  Time since last request: 5.105564 seconds.
  path: Assets/Building/Mountain/LargeMetalMine.prefab
  artifactKey: Guid(6cf31aad037d5364bb3e0ec3498fdd4d) Importer(815301076,1909f56bfc062723c751e8b465ee728b)
Start importing Assets/Building/Mountain/LargeMetalMine.prefab using Guid(6cf31aad037d5364bb3e0ec3498fdd4d) Importer(815301076,1909f56bfc062723c751e8b465ee728b)  -> (artifact id: '7d661a63e6f3e863af6be37a68d6cd46') in 0.024885 seconds
Number of updated asset objects reloaded before import = 0
Number of asset objects unloaded after import = 57
========================================================================
Received Import Request.
  Time since last request: 54.652341 seconds.
  path: Assets/Building/Mountain/LargeMetalMine.asset
  artifactKey: Guid(7dcf822e78911a44e941a0d847e4afc6) Importer(815301076,1909f56bfc062723c751e8b465ee728b)
Start importing Assets/Building/Mountain/LargeMetalMine.asset using Guid(7dcf822e78911a44e941a0d847e4afc6) Importer(815301076,1909f56bfc062723c751e8b465ee728b)  -> (artifact id: '845f756f57e9884708dc3f625ed62eff') in 0.000914 seconds
Number of updated asset objects reloaded before import = 0
Number of asset objects unloaded after import = 1
========================================================================
Received Import Request.
  Time since last request: 8.317971 seconds.
  path: Assets/Building/Mountain/LargeMetalMine.prefab
  artifactKey: Guid(6cf31aad037d5364bb3e0ec3498fdd4d) Importer(815301076,1909f56bfc062723c751e8b465ee728b)
Start importing Assets/Building/Mountain/LargeMetalMine.prefab using Guid(6cf31aad037d5364bb3e0ec3498fdd4d) Importer(815301076,1909f56bfc062723c751e8b465ee728b)  -> (artifact id: 'bcf3778d1839e8ecf1fc1d310559ef65') in 0.025485 seconds
Number of updated asset objects reloaded before import = 0
Number of asset objects unloaded after import = 61
